2022-07-14 17:35:10,974 django.utils.autoreload 612 INFO     Watching for file changes with StatReloader
2022-07-14 17:38:32,802 django.utils.autoreload 236 INFO     /Users/lidongqiang/DjangoProjects/recruitment/recruitment/interview/admin.py changed, reloading.
2022-07-14 17:38:33,698 django.utils.autoreload 612 INFO     Watching for file changes with StatReloader
2022-07-14 17:38:40,289 django.request 230 ERROR    Internal Server Error: /admin/interview/candidate/
Traceback (most recent call last):
  File "/Users/lidongqiang/DjangoProjects/recruitment/venv/lib/python3.7/site-packages/django/core/handlers/exception.py", line 47, in inner
    response = get_response(request)
  File "/Users/lidongqiang/DjangoProjects/recruitment/venv/lib/python3.7/site-packages/django/core/handlers/base.py", line 179, in _get_response
    response = wrapped_callback(request, *callback_args, **callback_kwargs)
  File "/Users/lidongqiang/DjangoProjects/recruitment/venv/lib/python3.7/site-packages/django/contrib/admin/options.py", line 614, in wrapper
    return self.admin_site.admin_view(view)(*args, **kwargs)
  File "/Users/lidongqiang/DjangoProjects/recruitment/venv/lib/python3.7/site-packages/django/utils/decorators.py", line 130, in _wrapped_view
    response = view_func(request, *args, **kwargs)
  File "/Users/lidongqiang/DjangoProjects/recruitment/venv/lib/python3.7/site-packages/django/views/decorators/cache.py", line 44, in _wrapped_view_func
    response = view_func(request, *args, **kwargs)
  File "/Users/lidongqiang/DjangoProjects/recruitment/venv/lib/python3.7/site-packages/django/contrib/admin/sites.py", line 233, in inner
    return view(request, *args, **kwargs)
  File "/Users/lidongqiang/DjangoProjects/recruitment/venv/lib/python3.7/site-packages/django/utils/decorators.py", line 43, in _wrapper
    return bound_method(*args, **kwargs)
  File "/Users/lidongqiang/DjangoProjects/recruitment/venv/lib/python3.7/site-packages/django/utils/decorators.py", line 130, in _wrapped_view
    response = view_func(request, *args, **kwargs)
  File "/Users/lidongqiang/DjangoProjects/recruitment/venv/lib/python3.7/site-packages/django/contrib/admin/options.py", line 1719, in changelist_view
    response = self.response_action(request, queryset=cl.get_queryset(request))
  File "/Users/lidongqiang/DjangoProjects/recruitment/venv/lib/python3.7/site-packages/django/contrib/admin/options.py", line 1402, in response_action
    response = func(self, request, queryset)
  File "/Users/lidongqiang/DjangoProjects/recruitment/recruitment/interview/admin.py", line 35, in export_model_as_csv
    logger.info("%s exported %s candidate records"(request.user, len(queryset)))
TypeError: 'str' object is not callable
2022-07-14 17:38:49,301 django.request 230 ERROR    Internal Server Error: /admin/interview/candidate/
Traceback (most recent call last):
  File "/Users/lidongqiang/DjangoProjects/recruitment/venv/lib/python3.7/site-packages/django/core/handlers/exception.py", line 47, in inner
    response = get_response(request)
  File "/Users/lidongqiang/DjangoProjects/recruitment/venv/lib/python3.7/site-packages/django/core/handlers/base.py", line 179, in _get_response
    response = wrapped_callback(request, *callback_args, **callback_kwargs)
  File "/Users/lidongqiang/DjangoProjects/recruitment/venv/lib/python3.7/site-packages/django/contrib/admin/options.py", line 614, in wrapper
    return self.admin_site.admin_view(view)(*args, **kwargs)
  File "/Users/lidongqiang/DjangoProjects/recruitment/venv/lib/python3.7/site-packages/django/utils/decorators.py", line 130, in _wrapped_view
    response = view_func(request, *args, **kwargs)
  File "/Users/lidongqiang/DjangoProjects/recruitment/venv/lib/python3.7/site-packages/django/views/decorators/cache.py", line 44, in _wrapped_view_func
    response = view_func(request, *args, **kwargs)
  File "/Users/lidongqiang/DjangoProjects/recruitment/venv/lib/python3.7/site-packages/django/contrib/admin/sites.py", line 233, in inner
    return view(request, *args, **kwargs)
  File "/Users/lidongqiang/DjangoProjects/recruitment/venv/lib/python3.7/site-packages/django/utils/decorators.py", line 43, in _wrapper
    return bound_method(*args, **kwargs)
  File "/Users/lidongqiang/DjangoProjects/recruitment/venv/lib/python3.7/site-packages/django/utils/decorators.py", line 130, in _wrapped_view
    response = view_func(request, *args, **kwargs)
  File "/Users/lidongqiang/DjangoProjects/recruitment/venv/lib/python3.7/site-packages/django/contrib/admin/options.py", line 1719, in changelist_view
    response = self.response_action(request, queryset=cl.get_queryset(request))
  File "/Users/lidongqiang/DjangoProjects/recruitment/venv/lib/python3.7/site-packages/django/contrib/admin/options.py", line 1402, in response_action
    response = func(self, request, queryset)
  File "/Users/lidongqiang/DjangoProjects/recruitment/recruitment/interview/admin.py", line 35, in export_model_as_csv
    logger.info("%s exported %s candidate records"(request.user, len(queryset)))
TypeError: 'str' object is not callable
2022-07-14 17:39:39,896 django.utils.autoreload 236 INFO     /Users/lidongqiang/DjangoProjects/recruitment/recruitment/interview/admin.py changed, reloading.
2022-07-14 17:39:40,372 django.utils.autoreload 612 INFO     Watching for file changes with StatReloader
2022-07-14 17:39:43,274 interview.admin 35 INFO     admin exported 1 candidate records
2022-07-16 13:27:32,666 django.utils.autoreload 236 INFO     /Users/lidongqiang/DjangoProjects/recruitment/recruitment/manage.py changed, reloading.
2022-07-16 21:34:11,562 django.utils.autoreload 612 INFO     Watching for file changes with StatReloader
2022-07-16 21:38:32,801 django.utils.autoreload 612 INFO     Watching for file changes with StatReloader
2022-07-16 21:40:01,224 django.utils.autoreload 612 INFO     Watching for file changes with StatReloader
2022-07-16 21:40:06,334 django.request 230 WARNING  Not Found: /static/admin/js/actions.min.js
2022-07-16 21:40:06,334 django.request 230 WARNING  Not Found: /static/admin/js/vendor/jquery/jquery.min.js
2022-07-16 21:40:06,337 django.request 230 WARNING  Not Found: /static/admin/js/prepopulate.min.js
2022-07-16 21:40:06,340 django.request 230 WARNING  Not Found: /static/admin/js/vendor/xregexp/xregexp.min.js
2022-07-16 21:40:08,276 django.request 230 WARNING  Not Found: /static/admin/js/vendor/jquery/jquery.min.js
2022-07-16 21:40:08,277 django.request 230 WARNING  Not Found: /static/admin/js/actions.min.js
2022-07-16 21:40:08,278 django.request 230 WARNING  Not Found: /static/admin/js/prepopulate.min.js
2022-07-16 21:40:08,279 django.request 230 WARNING  Not Found: /static/admin/js/vendor/xregexp/xregexp.min.js
2022-07-16 21:40:12,333 django.request 230 WARNING  Not Found: /static/admin/js/vendor/jquery/jquery.min.js
2022-07-16 21:40:12,334 django.request 230 WARNING  Not Found: /static/admin/js/actions.min.js
2022-07-16 21:40:12,335 django.request 230 WARNING  Not Found: /static/admin/js/prepopulate.min.js
2022-07-16 21:40:12,337 django.request 230 WARNING  Not Found: /static/admin/js/vendor/xregexp/xregexp.min.js
2022-07-16 21:40:12,340 django.request 230 WARNING  Not Found: /static/admin/css/forms.css
2022-07-16 21:40:12,342 django.request 230 WARNING  Not Found: /static/admin/js/prepopulate_init.js
2022-07-16 21:40:12,350 django.request 230 WARNING  Not Found: /static/admin/js/change_form.js
2022-07-16 21:40:12,360 django.request 230 WARNING  Not Found: /static/admin/img/icon-deletelink.svg
2022-07-16 21:40:23,207 django.request 230 WARNING  Not Found: /static/admin/css/forms.css
2022-07-16 21:40:23,210 django.request 230 WARNING  Not Found: /static/admin/js/vendor/jquery/jquery.min.js
2022-07-16 21:40:23,211 django.request 230 WARNING  Not Found: /static/admin/js/actions.min.js
2022-07-16 21:40:23,212 django.request 230 WARNING  Not Found: /static/admin/js/prepopulate.min.js
2022-07-16 21:40:23,214 django.request 230 WARNING  Not Found: /static/admin/js/vendor/xregexp/xregexp.min.js
2022-07-16 21:40:23,218 django.request 230 WARNING  Not Found: /static/admin/js/prepopulate_init.js
2022-07-16 21:40:23,224 django.request 230 WARNING  Not Found: /static/admin/js/change_form.js
2022-07-16 21:40:23,239 django.request 230 WARNING  Not Found: /static/admin/img/icon-deletelink.svg
2022-07-16 21:40:25,734 django.request 230 WARNING  Not Found: /static/admin/css/forms.css
2022-07-16 21:40:25,737 django.request 230 WARNING  Not Found: /static/admin/js/vendor/jquery/jquery.min.js
2022-07-16 21:40:25,738 django.request 230 WARNING  Not Found: /static/admin/js/actions.min.js
2022-07-16 21:40:25,739 django.request 230 WARNING  Not Found: /static/admin/js/prepopulate.min.js
2022-07-16 21:40:25,742 django.request 230 WARNING  Not Found: /static/admin/js/vendor/xregexp/xregexp.min.js
2022-07-16 21:40:25,745 django.request 230 WARNING  Not Found: /static/admin/js/prepopulate_init.js
2022-07-16 21:40:25,752 django.request 230 WARNING  Not Found: /static/admin/js/change_form.js
2022-07-16 21:40:25,760 django.request 230 WARNING  Not Found: /static/admin/img/icon-deletelink.svg
2022-07-16 21:40:31,722 django.request 230 WARNING  Not Found: /static/admin/js/vendor/jquery/jquery.min.js
2022-07-16 21:40:31,723 django.request 230 WARNING  Not Found: /static/admin/js/actions.min.js
2022-07-16 21:40:31,724 django.request 230 WARNING  Not Found: /static/admin/js/prepopulate.min.js
2022-07-16 21:40:31,725 django.request 230 WARNING  Not Found: /static/admin/js/vendor/xregexp/xregexp.min.js
2022-07-16 21:40:34,025 django.request 230 WARNING  Not Found: /static/admin/css/forms.css
2022-07-16 21:40:34,028 django.request 230 WARNING  Not Found: /static/admin/js/vendor/jquery/jquery.min.js
2022-07-16 21:40:34,029 django.request 230 WARNING  Not Found: /static/admin/js/actions.min.js
2022-07-16 21:40:34,032 django.request 230 WARNING  Not Found: /static/admin/js/prepopulate.min.js
2022-07-16 21:40:34,037 django.request 230 WARNING  Not Found: /static/admin/js/vendor/xregexp/xregexp.min.js
2022-07-16 21:40:34,041 django.request 230 WARNING  Not Found: /static/admin/js/prepopulate_init.js
2022-07-16 21:40:34,052 django.request 230 WARNING  Not Found: /static/admin/js/change_form.js
2022-07-16 21:40:34,073 django.request 230 WARNING  Not Found: /static/admin/img/icon-deletelink.svg
2022-07-16 21:40:35,905 django.request 230 WARNING  Not Found: /static/admin/js/vendor/jquery/jquery.min.js
2022-07-16 21:40:35,907 django.request 230 WARNING  Not Found: /static/admin/js/actions.min.js
2022-07-16 21:40:35,908 django.request 230 WARNING  Not Found: /static/admin/js/prepopulate.min.js
2022-07-16 21:40:35,911 django.request 230 WARNING  Not Found: /static/admin/js/vendor/xregexp/xregexp.min.js
2022-07-16 21:40:58,942 django.utils.autoreload 612 INFO     Watching for file changes with StatReloader
2022-07-16 21:45:11,116 django.utils.autoreload 236 INFO     /Users/lidongqiang/DjangoProjects/recruitment/recruitment/recruitment/urls.py changed, reloading.
2022-07-16 21:45:11,859 django.utils.autoreload 612 INFO     Watching for file changes with StatReloader
2022-07-16 21:48:10,194 django.utils.autoreload 236 INFO     /Users/lidongqiang/DjangoProjects/recruitment/recruitment/interview/models.py changed, reloading.
2022-07-16 21:48:10,912 django.utils.autoreload 612 INFO     Watching for file changes with StatReloader
2022-07-16 21:48:52,628 django.utils.autoreload 236 INFO     /Users/lidongqiang/DjangoProjects/recruitment/recruitment/interview/models.py changed, reloading.
2022-07-16 21:48:53,257 django.utils.autoreload 612 INFO     Watching for file changes with StatReloader
2022-07-16 21:55:38,448 django.utils.autoreload 236 INFO     /Users/lidongqiang/DjangoProjects/recruitment/recruitment/interview/models.py changed, reloading.
2022-07-16 21:55:39,193 django.utils.autoreload 612 INFO     Watching for file changes with StatReloader
2022-07-16 21:57:06,295 django.utils.autoreload 236 INFO     /Users/lidongqiang/DjangoProjects/recruitment/recruitment/interview/admin.py changed, reloading.
2022-07-16 21:57:07,003 django.utils.autoreload 612 INFO     Watching for file changes with StatReloader
2022-07-16 21:57:46,561 django.utils.autoreload 236 INFO     /Users/lidongqiang/DjangoProjects/recruitment/recruitment/interview/admin.py changed, reloading.
2022-07-16 21:57:46,985 django.utils.autoreload 612 INFO     Watching for file changes with StatReloader
2022-07-16 21:58:05,323 django.utils.autoreload 236 INFO     /Users/lidongqiang/DjangoProjects/recruitment/recruitment/interview/admin.py changed, reloading.
2022-07-16 21:58:05,786 django.utils.autoreload 612 INFO     Watching for file changes with StatReloader
2022-07-16 22:01:15,310 django.utils.autoreload 236 INFO     /Users/lidongqiang/DjangoProjects/recruitment/recruitment/interview/admin.py changed, reloading.
2022-07-16 22:01:16,091 django.utils.autoreload 612 INFO     Watching for file changes with StatReloader
2022-07-16 22:10:42,420 django.utils.autoreload 236 INFO     /Users/lidongqiang/DjangoProjects/recruitment/recruitment/interview/admin.py changed, reloading.
2022-07-16 22:10:43,273 django.utils.autoreload 612 INFO     Watching for file changes with StatReloader
2022-07-16 22:15:55,344 django.utils.autoreload 236 INFO     /Users/lidongqiang/DjangoProjects/recruitment/recruitment/interview/admin.py changed, reloading.
2022-07-16 22:15:56,142 django.utils.autoreload 612 INFO     Watching for file changes with StatReloader
2022-07-16 22:16:10,491 django.utils.autoreload 236 INFO     /Users/lidongqiang/DjangoProjects/recruitment/recruitment/interview/admin.py changed, reloading.
2022-07-16 22:16:11,309 django.utils.autoreload 612 INFO     Watching for file changes with StatReloader
2022-07-16 22:19:01,490 django.utils.autoreload 236 INFO     /Users/lidongqiang/DjangoProjects/recruitment/recruitment/interview/admin.py changed, reloading.
2022-07-16 22:19:02,049 django.utils.autoreload 612 INFO     Watching for file changes with StatReloader
2022-07-16 22:20:34,300 django.utils.autoreload 236 INFO     /Users/lidongqiang/DjangoProjects/recruitment/recruitment/settings/base.py changed, reloading.
2022-07-16 22:20:34,863 django.utils.autoreload 612 INFO     Watching for file changes with StatReloader
2022-07-16 22:23:08,467 django.utils.autoreload 236 INFO     /Users/lidongqiang/DjangoProjects/recruitment/recruitment/settings/base.py changed, reloading.
2022-07-16 22:23:09,070 django.utils.autoreload 612 INFO     Watching for file changes with StatReloader
2022-07-16 22:23:47,665 django.utils.autoreload 236 INFO     /Users/lidongqiang/DjangoProjects/recruitment/recruitment/settings/base.py changed, reloading.
2022-07-16 22:23:48,275 django.utils.autoreload 612 INFO     Watching for file changes with StatReloader
2022-07-16 22:39:03,846 django.utils.autoreload 236 INFO     /Users/lidongqiang/DjangoProjects/recruitment/recruitment/interview/admin.py changed, reloading.
2022-07-16 22:39:04,742 django.utils.autoreload 612 INFO     Watching for file changes with StatReloader
2022-07-16 22:39:35,383 django.utils.autoreload 236 INFO     /Users/lidongqiang/DjangoProjects/recruitment/recruitment/interview/candidate_fieldset.py changed, reloading.
2022-07-16 22:39:36,092 django.utils.autoreload 612 INFO     Watching for file changes with StatReloader
2022-07-16 22:55:25,767 django.utils.autoreload 236 INFO     /Users/lidongqiang/DjangoProjects/recruitment/recruitment/interview/models.py changed, reloading.
2022-07-16 22:55:26,584 django.utils.autoreload 612 INFO     Watching for file changes with StatReloader
2022-07-16 23:15:00,774 django.utils.autoreload 236 INFO     /Users/lidongqiang/DjangoProjects/recruitment/recruitment/interview/admin.py changed, reloading.
2022-07-16 23:15:01,857 django.utils.autoreload 612 INFO     Watching for file changes with StatReloader
2022-07-16 23:18:12,537 django.utils.autoreload 236 INFO     /Users/lidongqiang/DjangoProjects/recruitment/recruitment/interview/admin.py changed, reloading.
2022-07-16 23:18:13,361 django.utils.autoreload 612 INFO     Watching for file changes with StatReloader
2022-07-16 23:22:07,558 django.utils.autoreload 236 INFO     /Users/lidongqiang/DjangoProjects/recruitment/recruitment/settings/base.py changed, reloading.
2022-07-16 23:22:08,161 django.utils.autoreload 612 INFO     Watching for file changes with StatReloader
2022-07-16 23:22:32,600 django.utils.autoreload 236 INFO     /Users/lidongqiang/DjangoProjects/recruitment/recruitment/settings/base.py changed, reloading.
2022-07-16 23:22:33,375 django.utils.autoreload 612 INFO     Watching for file changes with StatReloader
2022-07-16 23:22:33,663 django.request 230 WARNING  Not Found: /acc
2022-07-16 23:22:40,110 django.request 230 WARNING  Not Found: /accounts
2022-07-16 23:23:05,166 django.utils.autoreload 236 INFO     /Users/lidongqiang/DjangoProjects/recruitment/recruitment/recruitment/urls.py changed, reloading.
2022-07-16 23:23:05,941 django.utils.autoreload 612 INFO     Watching for file changes with StatReloader
2022-07-16 23:23:07,364 django.request 230 WARNING  Not Found: /accounts
2022-07-16 23:23:07,989 django.request 230 WARNING  Not Found: /accounts
2022-07-16 23:23:08,322 django.request 230 WARNING  Not Found: /accounts
2022-07-16 23:23:56,779 django.request 230 WARNING  Not Found: /accounts
2022-07-16 23:23:57,484 django.request 230 WARNING  Not Found: /accounts
2022-07-16 23:24:01,684 django.request 230 WARNING  Not Found: /acc
2022-07-16 23:24:10,120 django.request 230 WARNING  Not Found: /accounts
2022-07-16 23:24:35,945 django.request 230 WARNING  Not Found: /accounts/profile/
2022-07-16 23:24:58,053 django.request 230 WARNING  Not Found: /accounts/profile/
2022-07-16 23:28:28,999 django.request 230 WARNING  Not Found: /accounts/profile/
2022-07-16 23:28:29,739 django.request 230 WARNING  Not Found: /accounts/profile/
2022-07-16 23:28:38,320 django.request 230 WARNING  Not Found: /accounts/profile/
2022-07-16 23:30:47,264 django.utils.autoreload 612 INFO     Watching for file changes with StatReloader
2022-07-16 23:30:50,189 django.request 230 WARNING  Not Found: /accounts/profile/
2022-07-16 23:31:01,122 django.request 230 WARNING  Not Found: /accounts/profile/
2022-07-16 23:32:19,157 django.utils.autoreload 236 INFO     /Users/lidongqiang/DjangoProjects/recruitment/recruitment/recruitment/urls.py changed, reloading.
2022-07-16 23:32:20,028 django.utils.autoreload 612 INFO     Watching for file changes with StatReloader
2022-07-16 23:32:21,060 django.request 230 WARNING  Not Found: /accounts/profile/
2022-07-16 23:32:21,698 django.request 230 WARNING  Not Found: /accounts/profile/
2022-07-16 23:32:21,924 django.request 230 WARNING  Not Found: /accounts/profile/
2022-07-16 23:32:22,095 django.request 230 WARNING  Not Found: /accounts/profile/
2022-07-16 23:32:22,265 django.request 230 WARNING  Not Found: /accounts/profile/
2022-07-16 23:32:22,436 django.request 230 WARNING  Not Found: /accounts/profile/
2022-07-16 23:32:22,624 django.request 230 WARNING  Not Found: /accounts/profile/
2022-07-16 23:32:22,795 django.request 230 WARNING  Not Found: /accounts/profile/
2022-07-16 23:32:22,983 django.request 230 WARNING  Not Found: /accounts/profile/
2022-07-16 23:32:36,545 django.utils.autoreload 236 INFO     /Users/lidongqiang/DjangoProjects/recruitment/recruitment/recruitment/urls.py changed, reloading.
2022-07-16 23:32:37,260 django.utils.autoreload 612 INFO     Watching for file changes with StatReloader
2022-07-16 23:32:37,894 django.request 230 WARNING  Not Found: /accounts/profile/
2022-07-16 23:32:38,877 django.request 230 WARNING  Not Found: /accounts/profile/
2022-07-16 23:32:39,650 django.request 230 WARNING  Not Found: /accounts/profile/
2022-07-16 23:32:40,275 django.request 230 WARNING  Not Found: /accounts/profile/
2022-07-16 23:32:40,480 django.request 230 WARNING  Not Found: /accounts/profile/
2022-07-16 23:32:40,651 django.request 230 WARNING  Not Found: /accounts/profile/
